\BOOKMARK [0][-]{chapter.1}{\376\377\000H\000i\000e\000r\000a\000r\000c\000h\000i\000c\000a\000l\000\040\000I\000n\000d\000e\000x}{}% 1
\BOOKMARK [1][-]{section.1.1}{\376\377\000C\000l\000a\000s\000s\000\040\000H\000i\000e\000r\000a\000r\000c\000h\000y}{chapter.1}% 2
\BOOKMARK [0][-]{chapter.2}{\376\377\000C\000l\000a\000s\000s\000\040\000I\000n\000d\000e\000x}{}% 3
\BOOKMARK [1][-]{section.2.1}{\376\377\000C\000l\000a\000s\000s\000\040\000L\000i\000s\000t}{chapter.2}% 4
\BOOKMARK [0][-]{chapter.3}{\376\377\000F\000i\000l\000e\000\040\000I\000n\000d\000e\000x}{}% 5
\BOOKMARK [1][-]{section.3.1}{\376\377\000F\000i\000l\000e\000\040\000L\000i\000s\000t}{chapter.3}% 6
\BOOKMARK [0][-]{chapter.4}{\376\377\000C\000l\000a\000s\000s\000\040\000D\000o\000c\000u\000m\000e\000n\000t\000a\000t\000i\000o\000n}{}% 7
\BOOKMARK [1][-]{section.4.1}{\376\377\000C\000o\000m\000m\000a\000n\000d\000W\000o\000r\000d\000s\000\040\000C\000l\000a\000s\000s\000\040\000R\000e\000f\000e\000r\000e\000n\000c\000e}{chapter.4}% 8
\BOOKMARK [2][-]{subsection.4.1.1}{\376\377\000D\000e\000t\000a\000i\000l\000e\000d\000\040\000D\000e\000s\000c\000r\000i\000p\000t\000i\000o\000n}{section.4.1}% 9
\BOOKMARK [2][-]{subsection.4.1.2}{\376\377\000C\000o\000n\000s\000t\000r\000u\000c\000t\000o\000r\000\040\000\046\000\040\000D\000e\000s\000t\000r\000u\000c\000t\000o\000r\000\040\000D\000o\000c\000u\000m\000e\000n\000t\000a\000t\000i\000o\000n}{section.4.1}% 10
\BOOKMARK [3][-]{subsubsection.4.1.2.1}{\376\377\000C\000o\000m\000m\000a\000n\000d\000W\000o\000r\000d\000s}{subsection.4.1.2}% 11
\BOOKMARK [2][-]{subsection.4.1.3}{\376\377\000M\000e\000m\000b\000e\000r\000\040\000F\000u\000n\000c\000t\000i\000o\000n\000\040\000D\000o\000c\000u\000m\000e\000n\000t\000a\000t\000i\000o\000n}{section.4.1}% 12
\BOOKMARK [3][-]{subsubsection.4.1.3.1}{\376\377\000g\000e\000t\000C\000o\000m\000m\000a\000n\000d\000L\000i\000s\000t}{subsection.4.1.3}% 13
\BOOKMARK [3][-]{subsubsection.4.1.3.2}{\376\377\000i\000s\000C\000o\000m\000m\000a\000n\000d}{subsection.4.1.3}% 14
\BOOKMARK [1][-]{section.4.2}{\376\377\000G\000a\000m\000e\000\040\000C\000l\000a\000s\000s\000\040\000R\000e\000f\000e\000r\000e\000n\000c\000e}{chapter.4}% 15
\BOOKMARK [2][-]{subsection.4.2.1}{\376\377\000D\000e\000t\000a\000i\000l\000e\000d\000\040\000D\000e\000s\000c\000r\000i\000p\000t\000i\000o\000n}{section.4.2}% 16
\BOOKMARK [2][-]{subsection.4.2.2}{\376\377\000C\000o\000n\000s\000t\000r\000u\000c\000t\000o\000r\000\040\000\046\000\040\000D\000e\000s\000t\000r\000u\000c\000t\000o\000r\000\040\000D\000o\000c\000u\000m\000e\000n\000t\000a\000t\000i\000o\000n}{section.4.2}% 17
\BOOKMARK [3][-]{subsubsection.4.2.2.1}{\376\377\000G\000a\000m\000e}{subsection.4.2.2}% 18
\BOOKMARK [1][-]{section.4.3}{\376\377\000G\000a\000m\000e\000E\000n\000g\000i\000n\000e\000\040\000C\000l\000a\000s\000s\000\040\000R\000e\000f\000e\000r\000e\000n\000c\000e}{chapter.4}% 19
\BOOKMARK [2][-]{subsection.4.3.1}{\376\377\000D\000e\000t\000a\000i\000l\000e\000d\000\040\000D\000e\000s\000c\000r\000i\000p\000t\000i\000o\000n}{section.4.3}% 20
\BOOKMARK [2][-]{subsection.4.3.2}{\376\377\000C\000o\000n\000s\000t\000r\000u\000c\000t\000o\000r\000\040\000\046\000\040\000D\000e\000s\000t\000r\000u\000c\000t\000o\000r\000\040\000D\000o\000c\000u\000m\000e\000n\000t\000a\000t\000i\000o\000n}{section.4.3}% 21
\BOOKMARK [3][-]{subsubsection.4.3.2.1}{\376\377\000G\000a\000m\000e\000E\000n\000g\000i\000n\000e}{subsection.4.3.2}% 22
\BOOKMARK [2][-]{subsection.4.3.3}{\376\377\000M\000e\000m\000b\000e\000r\000\040\000F\000u\000n\000c\000t\000i\000o\000n\000\040\000D\000o\000c\000u\000m\000e\000n\000t\000a\000t\000i\000o\000n}{section.4.3}% 23
\BOOKMARK [3][-]{subsubsection.4.3.3.1}{\376\377\000p\000r\000o\000c\000e\000s\000s\000C\000o\000m\000m\000a\000n\000d}{subsection.4.3.3}% 24
\BOOKMARK [3][-]{subsubsection.4.3.3.2}{\376\377\000s\000e\000t\000G\000U\000I}{subsection.4.3.3}% 25
\BOOKMARK [1][-]{section.4.4}{\376\377\000P\000a\000r\000s\000e\000r\000\040\000C\000l\000a\000s\000s\000\040\000R\000e\000f\000e\000r\000e\000n\000c\000e}{chapter.4}% 26
\BOOKMARK [2][-]{subsection.4.4.1}{\376\377\000D\000e\000t\000a\000i\000l\000e\000d\000\040\000D\000e\000s\000c\000r\000i\000p\000t\000i\000o\000n}{section.4.4}% 27
\BOOKMARK [2][-]{subsection.4.4.2}{\376\377\000C\000o\000n\000s\000t\000r\000u\000c\000t\000o\000r\000\040\000\046\000\040\000D\000e\000s\000t\000r\000u\000c\000t\000o\000r\000\040\000D\000o\000c\000u\000m\000e\000n\000t\000a\000t\000i\000o\000n}{section.4.4}% 28
\BOOKMARK [3][-]{subsubsection.4.4.2.1}{\376\377\000P\000a\000r\000s\000e\000r}{subsection.4.4.2}% 29
\BOOKMARK [2][-]{subsection.4.4.3}{\376\377\000M\000e\000m\000b\000e\000r\000\040\000F\000u\000n\000c\000t\000i\000o\000n\000\040\000D\000o\000c\000u\000m\000e\000n\000t\000a\000t\000i\000o\000n}{section.4.4}% 30
\BOOKMARK [3][-]{subsubsection.4.4.3.1}{\376\377\000g\000e\000t\000C\000o\000m\000m\000a\000n\000d}{subsection.4.4.3}% 31
\BOOKMARK [3][-]{subsubsection.4.4.3.2}{\376\377\000s\000h\000o\000w\000C\000o\000m\000m\000a\000n\000d\000s}{subsection.4.4.3}% 32
\BOOKMARK [1][-]{section.4.5}{\376\377\000R\000o\000o\000m\000\040\000C\000l\000a\000s\000s\000\040\000R\000e\000f\000e\000r\000e\000n\000c\000e}{chapter.4}% 33
\BOOKMARK [2][-]{subsection.4.5.1}{\376\377\000D\000e\000t\000a\000i\000l\000e\000d\000\040\000D\000e\000s\000c\000r\000i\000p\000t\000i\000o\000n}{section.4.5}% 34
\BOOKMARK [2][-]{subsection.4.5.2}{\376\377\000C\000o\000n\000s\000t\000r\000u\000c\000t\000o\000r\000\040\000\046\000\040\000D\000e\000s\000t\000r\000u\000c\000t\000o\000r\000\040\000D\000o\000c\000u\000m\000e\000n\000t\000a\000t\000i\000o\000n}{section.4.5}% 35
\BOOKMARK [3][-]{subsubsection.4.5.2.1}{\376\377\000R\000o\000o\000m}{subsection.4.5.2}% 36
\BOOKMARK [2][-]{subsection.4.5.3}{\376\377\000M\000e\000m\000b\000e\000r\000\040\000F\000u\000n\000c\000t\000i\000o\000n\000\040\000D\000o\000c\000u\000m\000e\000n\000t\000a\000t\000i\000o\000n}{section.4.5}% 37
\BOOKMARK [3][-]{subsubsection.4.5.3.1}{\376\377\000g\000e\000t\000E\000x\000i\000t}{subsection.4.5.3}% 38
\BOOKMARK [3][-]{subsubsection.4.5.3.2}{\376\377\000g\000e\000t\000I\000m\000a\000g\000e\000N\000a\000m\000e}{subsection.4.5.3}% 39
\BOOKMARK [3][-]{subsubsection.4.5.3.3}{\376\377\000g\000e\000t\000L\000o\000n\000g\000D\000e\000s\000c\000r\000i\000p\000t\000i\000o\000n}{subsection.4.5.3}% 40
\BOOKMARK [3][-]{subsubsection.4.5.3.4}{\376\377\000g\000e\000t\000S\000h\000o\000r\000t\000D\000e\000s\000c\000r\000i\000p\000t\000i\000o\000n}{subsection.4.5.3}% 41
\BOOKMARK [3][-]{subsubsection.4.5.3.5}{\376\377\000s\000e\000t\000E\000x\000i\000t}{subsection.4.5.3}% 42
\BOOKMARK [1][-]{section.4.6}{\376\377\000U\000s\000e\000r\000I\000n\000t\000e\000r\000f\000a\000c\000e\000\040\000C\000l\000a\000s\000s\000\040\000R\000e\000f\000e\000r\000e\000n\000c\000e}{chapter.4}% 43
\BOOKMARK [2][-]{subsection.4.6.1}{\376\377\000D\000e\000t\000a\000i\000l\000e\000d\000\040\000D\000e\000s\000c\000r\000i\000p\000t\000i\000o\000n}{section.4.6}% 44
\BOOKMARK [2][-]{subsection.4.6.2}{\376\377\000C\000o\000n\000s\000t\000r\000u\000c\000t\000o\000r\000\040\000\046\000\040\000D\000e\000s\000t\000r\000u\000c\000t\000o\000r\000\040\000D\000o\000c\000u\000m\000e\000n\000t\000a\000t\000i\000o\000n}{section.4.6}% 45
\BOOKMARK [3][-]{subsubsection.4.6.2.1}{\376\377\000U\000s\000e\000r\000I\000n\000t\000e\000r\000f\000a\000c\000e}{subsection.4.6.2}% 46
\BOOKMARK [2][-]{subsection.4.6.3}{\376\377\000M\000e\000m\000b\000e\000r\000\040\000F\000u\000n\000c\000t\000i\000o\000n\000\040\000D\000o\000c\000u\000m\000e\000n\000t\000a\000t\000i\000o\000n}{section.4.6}% 47
\BOOKMARK [3][-]{subsubsection.4.6.3.1}{\376\377\000a\000c\000t\000i\000o\000n\000P\000e\000r\000f\000o\000r\000m\000e\000d}{subsection.4.6.3}% 48
\BOOKMARK [3][-]{subsubsection.4.6.3.2}{\376\377\000e\000n\000a\000b\000l\000e}{subsection.4.6.3}% 49
\BOOKMARK [3][-]{subsubsection.4.6.3.3}{\376\377\000p\000r\000i\000n\000t}{subsection.4.6.3}% 50
\BOOKMARK [3][-]{subsubsection.4.6.3.4}{\376\377\000p\000r\000i\000n\000t\000l\000n}{subsection.4.6.3}% 51
\BOOKMARK [3][-]{subsubsection.4.6.3.5}{\376\377\000s\000h\000o\000w\000I\000m\000a\000g\000e}{subsection.4.6.3}% 52
\BOOKMARK [0][-]{chapter.5}{\376\377\000F\000i\000l\000e\000\040\000D\000o\000c\000u\000m\000e\000n\000t\000a\000t\000i\000o\000n}{}% 53
\BOOKMARK [1][-]{section.5.1}{\376\377\000C\000o\000m\000m\000a\000n\000d\000.\000j\000a\000v\000a\000\040\000F\000i\000l\000e\000\040\000R\000e\000f\000e\000r\000e\000n\000c\000e}{chapter.5}% 54
\BOOKMARK [1][-]{section.5.2}{\376\377\000C\000o\000m\000m\000a\000n\000d\000.\000j\000a\000v\000a}{chapter.5}% 55
\BOOKMARK [1][-]{section.5.3}{\376\377\000C\000o\000m\000m\000a\000n\000d\000W\000o\000r\000d\000s\000.\000j\000a\000v\000a\000\040\000F\000i\000l\000e\000\040\000R\000e\000f\000e\000r\000e\000n\000c\000e}{chapter.5}% 56
\BOOKMARK [1][-]{section.5.4}{\376\377\000C\000o\000m\000m\000a\000n\000d\000W\000o\000r\000d\000s\000.\000j\000a\000v\000a}{chapter.5}% 57
\BOOKMARK [1][-]{section.5.5}{\376\377\000G\000a\000m\000e\000.\000j\000a\000v\000a\000\040\000F\000i\000l\000e\000\040\000R\000e\000f\000e\000r\000e\000n\000c\000e}{chapter.5}% 58
\BOOKMARK [1][-]{section.5.6}{\376\377\000G\000a\000m\000e\000.\000j\000a\000v\000a}{chapter.5}% 59
\BOOKMARK [1][-]{section.5.7}{\376\377\000G\000a\000m\000e\000E\000n\000g\000i\000n\000e\000.\000j\000a\000v\000a\000\040\000F\000i\000l\000e\000\040\000R\000e\000f\000e\000r\000e\000n\000c\000e}{chapter.5}% 60
\BOOKMARK [1][-]{section.5.8}{\376\377\000G\000a\000m\000e\000E\000n\000g\000i\000n\000e\000.\000j\000a\000v\000a}{chapter.5}% 61
\BOOKMARK [1][-]{section.5.9}{\376\377\000P\000a\000r\000s\000e\000r\000.\000j\000a\000v\000a\000\040\000F\000i\000l\000e\000\040\000R\000e\000f\000e\000r\000e\000n\000c\000e}{chapter.5}% 62
\BOOKMARK [1][-]{section.5.10}{\376\377\000P\000a\000r\000s\000e\000r\000.\000j\000a\000v\000a}{chapter.5}% 63
\BOOKMARK [1][-]{section.5.11}{\376\377\000R\000o\000o\000m\000.\000j\000a\000v\000a\000\040\000F\000i\000l\000e\000\040\000R\000e\000f\000e\000r\000e\000n\000c\000e}{chapter.5}% 64
\BOOKMARK [1][-]{section.5.12}{\376\377\000R\000o\000o\000m\000.\000j\000a\000v\000a}{chapter.5}% 65
\BOOKMARK [1][-]{section.5.13}{\376\377\000U\000s\000e\000r\000I\000n\000t\000e\000r\000f\000a\000c\000e\000.\000j\000a\000v\000a\000\040\000F\000i\000l\000e\000\040\000R\000e\000f\000e\000r\000e\000n\000c\000e}{chapter.5}% 66
\BOOKMARK [1][-]{section.5.14}{\376\377\000U\000s\000e\000r\000I\000n\000t\000e\000r\000f\000a\000c\000e\000.\000j\000a\000v\000a}{chapter.5}% 67
\BOOKMARK [0][-]{section*.15}{\376\377\000I\000n\000d\000e\000x}{}% 68
